[debug] > Exec(run, None, None)
[debug] Evaluating tasks: Compile / run
[debug] Running task... Cancel: Signal, check cycles: false, forcegc: true
[error] java.lang.NullPointerException: Cannot invoke "javafx.stage.Stage.titleProperty()" because the return value of "scalafx.stage.Stage.delegate()" is null
[error] 	at scalafx.stage.Stage.title(Stage.scala:116)
[error] 	at scalafx.stage.Stage.title_$eq(Stage.scala:119)
[error] 	at gui.GUI$$anon$1.<init>(GUI.scala:22)
[error] 	at gui.GUI.start(GUI.scala:21)
[error] 	at Main$.main(Main.scala:10)
[error] 	at Main.main(Main.scala)
[error] 	at java.base/jdk.internal.reflect.NativeMethodAccessorImpl.invoke0(Native Method)
[error] 	at java.base/jdk.internal.reflect.NativeMethodAccessorImpl.invoke(NativeMethodAccessorImpl.java:77)
[error] 	at java.base/jdk.internal.reflect.DelegatingMethodAccessorImpl.invoke(DelegatingMethodAccessorImpl.java:43)
[error] 	at java.base/java.lang.reflect.Method.invoke(Method.java:568)
[error] 	at sbt.Run.invokeMain(Run.scala:143)
[error] 	at sbt.Run.execute$1(Run.scala:93)
[error] 	at sbt.Run.$anonfun$runWithLoader$5(Run.scala:120)
[error] 	at sbt.Run$.executeSuccess(Run.scala:186)
[error] 	at sbt.Run.runWithLoader(Run.scala:120)
[error] 	at sbt.Defaults$.$anonfun$bgRunTask$6(Defaults.scala:1980)
[error] 	at sbt.Defaults$.$anonfun$termWrapper$2(Defaults.scala:1919)
[error] 	at scala.runtime.java8.JFunction0$mcV$sp.apply(JFunction0$mcV$sp.java:23)
[error] 	at scala.util.Try$.apply(Try.scala:213)
[error] 	at sbt.internal.BackgroundThreadPool$BackgroundRunnable.run(DefaultBackgroundJobService.scala:366)
[error] 	at java.base/java.util.concurrent.ThreadPoolExecutor.runWorker(ThreadPoolExecutor.java:1136)
[error] 	at java.base/java.util.concurrent.ThreadPoolExecutor$Worker.run(ThreadPoolExecutor.java:635)
[error] 	at java.base/java.lang.Thread.run(Thread.java:833)
[error] (Compile / run) java.lang.NullPointerException: Cannot invoke "javafx.stage.Stage.titleProperty()" because the return value of "scalafx.stage.Stage.delegate()" is null
[error] Total time: 1 s, completed Nov 15, 2022, 11:40:08 PM
[debug] > Exec(idea-shell, None, None)
[debug] > Exec(, None, None)
[debug] > Exec(idea-shell, None, None)
