[debug] > Exec(run, None, None)
[debug] Evaluating tasks: Compile / run
[debug] Running task... Cancel: Signal, check cycles: false, forcegc: true
[info] compiling 1 Scala source to C:\Config\Scala\Lab_2_Scala\target\scala-2.13\classes ...
[warn] 1 deprecation (since 16.0.0-R23); re-run with -deprecation for details
[warn] one warning found
[info] done compiling
[error] java.lang.RuntimeException: java.lang.UnsatisfiedLinkError: no glass in java.library.path: C:\Program Files\Java\jdk-17.0.1\bin;C:\Windows\Sun\Java\bin;C:\Windows\system32;C:\Windows;C:\Program Files\Microsoft MPI\Bin\;C:\Program Files\NVIDIA GPU Computing Toolkit\CUDA\v11.7\bin;C:\Program Files\NVIDIA GPU Computing Toolkit\CUDA\v11.7\libnvvp;C:\Users\polka\gcc\bin;C:\Users\polka\gcc\libexec\gcc\x86_64-w64-mingw32\12.1.0;C:\ProgramData\Oracle\Java\javapath;C:\Program Files\Common Files\Oracle\Java\javapath;C:\Program Files (x86)\Common Files\Oracle\Java\javapath;C:\Windows\system32;C:\Windows;C:\Windows\System32\Wbem;C:\Windows\System32\WindowsPowerShell\v1.0\;C:\Windows\System32\OpenSSH\;C:\Program Files\dotnet\;C:\Program Files\nodejs\;C:\Program Files\Git\cmd;C:\Program Files (x86)\Common Files\Acronis\SnapAPI\;C:\Program Files\NVIDIA Corporation\Nsight Compute 2022.2.1\;C:\Program Files (x86)\NVIDIA Corporation\PhysX\Common;C:\Program Files\NVIDIA Corporation\NVIDIA NvDLISR;C:\Users\polka\AppData\Local\Programs\Python\Python39\Scripts\;C:\Users\polka\AppData\Local\Programs\Python\Python39\;C:\Users\polka\AppData\Local\Microsoft\WindowsApps;C:\Program Files\JetBrains\IntelliJ IDEA 2021.2\bin;;C:\Users\polka\.dotnet\tools;C:\Users\polka\AppData\Local\Programs\Microsoft VS Code\bin;C:\Users\polka\AppData\Roaming\npm;C:\Program Files\JetBrains\PyCharm Community Edition 2021.2.1\bin;;C:\Program Files\JetBrains\CLion 2022.2.4\bin;;C:\Program Files\JetBrains\DataGrip 2021.2.3\bin;;C:\Program Files\JetBrains\WebStorm 2022.1.1\bin;;C:\Program Files\JetBrains\PhpStorm 2021.3.2\bin;;C:\Users\polka\AppData\Local\GitHubDesktop\bin;C:\Program Files\JetBrains\IntelliJ IDEA Community Edition 2022.2.2\bin;;.
[error] 	at com.sun.javafx.tk.quantum.QuantumToolkit.startup(QuantumToolkit.java:268)
[error] 	at com.sun.javafx.application.PlatformImpl.startup(PlatformImpl.java:269)
[error] 	at com.sun.javafx.application.PlatformImpl.startup(PlatformImpl.java:158)
[error] 	at com.sun.javafx.application.LauncherImpl.startToolkit(LauncherImpl.java:658)
[error] 	at com.sun.javafx.application.LauncherImpl.launchApplication1(LauncherImpl.java:678)
[error] 	at com.sun.javafx.application.LauncherImpl.lambda$launchApplication$2(LauncherImpl.java:195)
[error] 	at java.base/java.lang.Thread.run(Thread.java:833)
[error] Caused by: java.lang.UnsatisfiedLinkError: no glass in java.library.path: C:\Program Files\Java\jdk-17.0.1\bin;C:\Windows\Sun\Java\bin;C:\Windows\system32;C:\Windows;C:\Program Files\Microsoft MPI\Bin\;C:\Program Files\NVIDIA GPU Computing Toolkit\CUDA\v11.7\bin;C:\Program Files\NVIDIA GPU Computing Toolkit\CUDA\v11.7\libnvvp;C:\Users\polka\gcc\bin;C:\Users\polka\gcc\libexec\gcc\x86_64-w64-mingw32\12.1.0;C:\ProgramData\Oracle\Java\javapath;C:\Program Files\Common Files\Oracle\Java\javapath;C:\Program Files (x86)\Common Files\Oracle\Java\javapath;C:\Windows\system32;C:\Windows;C:\Windows\System32\Wbem;C:\Windows\System32\WindowsPowerShell\v1.0\;C:\Windows\System32\OpenSSH\;C:\Program Files\dotnet\;C:\Program Files\nodejs\;C:\Program Files\Git\cmd;C:\Program Files (x86)\Common Files\Acronis\SnapAPI\;C:\Program Files\NVIDIA Corporation\Nsight Compute 2022.2.1\;C:\Program Files (x86)\NVIDIA Corporation\PhysX\Common;C:\Program Files\NVIDIA Corporation\NVIDIA NvDLISR;C:\Users\polka\AppData\Local\Programs\Python\Python39\Scripts\;C:\Users\polka\AppData\Local\Programs\Python\Python39\;C:\Users\polka\AppData\Local\Microsoft\WindowsApps;C:\Program Files\JetBrains\IntelliJ IDEA 2021.2\bin;;C:\Users\polka\.dotnet\tools;C:\Users\polka\AppData\Local\Programs\Microsoft VS Code\bin;C:\Users\polka\AppData\Roaming\npm;C:\Program Files\JetBrains\PyCharm Community Edition 2021.2.1\bin;;C:\Program Files\JetBrains\CLion 2022.2.4\bin;;C:\Program Files\JetBrains\DataGrip 2021.2.3\bin;;C:\Program Files\JetBrains\WebStorm 2022.1.1\bin;;C:\Program Files\JetBrains\PhpStorm 2021.3.2\bin;;C:\Users\polka\AppData\Local\GitHubDesktop\bin;C:\Program Files\JetBrains\IntelliJ IDEA Community Edition 2022.2.2\bin;;.
[error] 	at java.base/java.lang.ClassLoader.loadLibrary(ClassLoader.java:2429)
[error] 	at java.base/java.lang.Runtime.loadLibrary0(Runtime.java:818)
[error] 	at java.base/java.lang.System.loadLibrary(System.java:1989)
[error] 	at com.sun.glass.utils.NativeLibLoader.loadLibraryInternal(NativeLibLoader.java:150)
[error] 	at com.sun.glass.utils.NativeLibLoader.loadLibrary(NativeLibLoader.java:52)
[error] 	at com.sun.glass.ui.Application.loadNativeLibrary(Application.java:110)
[error] 	at com.sun.glass.ui.Application.loadNativeLibrary(Application.java:118)
[error] 	at com.sun.glass.ui.win.WinApplication.access$300(WinApplication.java:39)
[error] 	at com.sun.glass.ui.win.WinApplication$1.run(WinApplication.java:101)
[error] 	at com.sun.glass.ui.win.WinApplication$1.run(WinApplication.java:82)
[error] 	at java.base/java.security.AccessController.doPrivileged(AccessController.java:318)
[error] 	at com.sun.glass.ui.win.WinApplication.<clinit>(WinApplication.java:82)
[error] 	at com.sun.glass.ui.win.WinPlatformFactory.createApplication(WinPlatformFactory.java:39)
[error] 	at com.sun.glass.ui.win.WinPlatformFactory.createApplication(WinPlatformFactory.java:36)
[error] 	at com.sun.glass.ui.Application.run(Application.java:144)
[error] 	at com.sun.javafx.tk.quantum.QuantumToolkit.startup(QuantumToolkit.java:258)
[error] 	at com.sun.javafx.application.PlatformImpl.startup(PlatformImpl.java:269)
[error] 	at com.sun.javafx.application.PlatformImpl.startup(PlatformImpl.java:158)
[error] 	at com.sun.javafx.application.LauncherImpl.startToolkit(LauncherImpl.java:658)
[error] 	at com.sun.javafx.application.LauncherImpl.launchApplication1(LauncherImpl.java:678)
[error] 	at com.sun.javafx.application.LauncherImpl.lambda$launchApplication$2(LauncherImpl.java:195)
[error] 	at java.base/java.lang.Thread.run(Thread.java:833)
[error] (Compile / run) java.lang.UnsatisfiedLinkError: no glass in java.library.path: C:\Program Files\Java\jdk-17.0.1\bin;C:\Windows\Sun\Java\bin;C:\Windows\system32;C:\Windows;C:\Program Files\Microsoft MPI\Bin\;C:\Program Files\NVIDIA GPU Computing Toolkit\CUDA\v11.7\bin;C:\Program Files\NVIDIA GPU Computing Toolkit\CUDA\v11.7\libnvvp;C:\Users\polka\gcc\bin;C:\Users\polka\gcc\libexec\gcc\x86_64-w64-mingw32\12.1.0;C:\ProgramData\Oracle\Java\javapath;C:\Program Files\Common Files\Oracle\Java\javapath;C:\Program Files (x86)\Common Files\Oracle\Java\javapath;C:\Windows\system32;C:\Windows;C:\Windows\System32\Wbem;C:\Windows\System32\WindowsPowerShell\v1.0\;C:\Windows\System32\OpenSSH\;C:\Program Files\dotnet\;C:\Program Files\nodejs\;C:\Program Files\Git\cmd;C:\Program Files (x86)\Common Files\Acronis\SnapAPI\;C:\Program Files\NVIDIA Corporation\Nsight Compute 2022.2.1\;C:\Program Files (x86)\NVIDIA Corporation\PhysX\Common;C:\Program Files\NVIDIA Corporation\NVIDIA NvDLISR;C:\Users\polka\AppData\Local\Programs\Python\Python39\Scripts\;C:\Users\polka\AppData\Local\Programs\Python\Python39\;C:\Users\polka\AppData\Local\Microsoft\WindowsApps;C:\Program Files\JetBrains\IntelliJ IDEA 2021.2\bin;;C:\Users\polka\.dotnet\tools;C:\Users\polka\AppData\Local\Programs\Microsoft VS Code\bin;C:\Users\polka\AppData\Roaming\npm;C:\Program Files\JetBrains\PyCharm Community Edition 2021.2.1\bin;;C:\Program Files\JetBrains\CLion 2022.2.4\bin;;C:\Program Files\JetBrains\DataGrip 2021.2.3\bin;;C:\Program Files\JetBrains\WebStorm 2022.1.1\bin;;C:\Program Files\JetBrains\PhpStorm 2021.3.2\bin;;C:\Users\polka\AppData\Local\GitHubDesktop\bin;C:\Program Files\JetBrains\IntelliJ IDEA Community Edition 2022.2.2\bin;;.
[error] Total time: 19 s, completed Nov 16, 2022, 12:24:00 AM
[debug] > Exec(idea-shell, None, None)
[debug] > Exec(, None, None)
[debug] > Exec(idea-shell, None, None)
